"V1" "V2" "V3" "V4" "V5" "V6"
"1" 14.6 2 14.1 0.1 14.9 71.3
"2" 14.7 2 14.1 0.1 14.8 21
"3" 15 2 14.1 0.1 15.3 112.3
"4" 15.4 2 14.1 0.1 16 196
"5" 15.6 2 14.2 0.1 16.1 158.7
"6" 15.4 2 14.3 0.1 15.7 83.5
"7" 15.2 2 14.4 0.1 15.5 55.1
"8" 14.6 2 14.4 0.1 14.8 16.3
"9" 14.6 2 14.4 0.1 14.8 16.3
"10" 14.2 2 14.4 0.1 14.3 1.2
"11" 14.2 2 14.4 0.1 14.3 1.2
"12" 13.7 2 14.4 0.1 13.8 0
"13" 13.7 2 14.4 0.1 13.8 0
"14" 13.3 2 14.3 0.1 13.3 0
"15" 13.3 2 14.3 0.1 13.3 0
"16" 12.9 2 14.2 0.1 12.9 0
"17" 12.9 2 14.2 0.1 12.9 0
"18" 12.1 2 14.2 0.1 12.1 0
"19" 12.1 2 14.2 0.1 12.1 0
"20" 11.2 2 14.1 0.1 11.3 0
"21" 11.2 2 14.1 0.1 11.3 0
"22" 10.8 2 13.9 0.1 10.9 0
"23" 10.8 2 13.9 0.1 10.9 0
"24" 10.6 2 13.8 0.1 10.6 0
"25" 10.6 2 13.8 0.1 10.6 0
"26" 10.3 2 13.7 0.1 10.3 2.3
"27" 10.3 2 13.7 0.1 10.3 2.3
"28" 10.1 2 13.6 0.1 10.1 5.7
"29" 10.1 2 13.6 0.1 10.1 5.7
"30" 9.9 2 13.5 0.1 10 19.7
"31" 9.9 2 13.5 0.1 10 19.7
"32" 9.8 2 13.3 0.1 9.9 40.5
"33" 9.8 2 13.3 0.1 9.9 40.5
"34" 9.8 2 13.2 0.1 9.8 50
"35" 9.8 2 13.2 0.1 9.8 50
"36" 9.9 2 13.2 0.1 10 67.3
"37" 9.9 2 13.2 0.1 10 67.3
"38" 10.3 2 13.1 0.1 10.3 78.5
"39" 10.3 2 13.1 0.1 10.3 78.5
"40" 10.3 2 13 0.1 10.4 74.4
"41" 10.3 2 13 0.1 10.4 74.4
"42" 10.3 2 13 0.1 10.4 83.5
"43" 10.3 2 13 0.1 10.4 83.5
"44" 10.2 2 12.9 0.1 10.3 94.5
"45" 10.2 2 12.9 0.1 10.3 94.5
"46" 11 2 12.9 0.1 11.3 160.5
"47" 11 2 12.9 0.1 11.3 160.5
"48" 11.5 2 12.8 0.1 12.1 310.6
"49" 11.5 2 12.8 0.1 12.1 310.6
"50" 11.6 2 12.9 0.1 12.1 215.1
"51" 11.6 2 12.9 0.1 12.1 215.1
"52" 11.8 2 12.9 0.1 12.4 284.8
"53" 11.8 2 12.9 0.1 12.4 284.8
"54" 11.4 2 13 0.1 11.9 208.9
"55" 11.4 2 13 0.1 11.9 208.9
"56" 10.7 2 12.9 0.1 10.8 95.3
"57" 10.7 2 12.9 0.1 10.8 95.3
"58" 9.6 2 12.9 0.1 9.2 13.5
"59" 9.6 2 12.9 0.1 9.2 13.5
"60" 8.4 2 12.7 0.1 7.3 0
"61" 8.4 2 12.7 0.1 7.3 0
"62" 7.8 2 12.6 0.1 6.6 0
"63" 8.3 2 12.4 0.1 7.7 0
"64" 8.3 2 12.4 0.1 7.7 0
"65" 8.5 2 12.2 0.1 8.2 0
"66" 8.5 2 12.2 0.1 8.2 0
"67" 8.7 2 12 0.1 8.6 0
"68" 8.7 2 12 0.1 8.6 0
"69" 8.7 2 11.9 0.1 8.4 0
"70" 8.7 2 11.9 0.1 8.4 0
"71" 7.9 2 11.8 0.1 7.2 0
"72" 7.9 2 11.8 0.1 7.2 0
"73" 7.3 2 11.7 0.1 6.6 9.9
"74" 7.3 2 11.7 0.1 6.6 9.9
"75" 7.5 2 11.6 0.1 7.6 125.1
"76" 7.5 2 11.6 0.1 7.6 125.1
"77" 8.7 2 11.5 0.1 9.4 270.9
"78" 8.7 2 11.5 0.1 9.4 270.9
"79" 10.7 2 11.4 0.1 12.2 421.5
"80" 10.7 2 11.4 0.1 12.2 421.5
"81" 12.2 2 11.5 0.1 14 539.2
"82" 12.2 2 11.5 0.1 14 539.2
"83" 13.6 2 11.6 0.1 15.8 623.3
"84" 13.6 2 11.6 0.1 15.8 623.3
"85" 15 2 11.9 0.1 17.2 670.4
"86" 15 2 11.9 0.1 17.2 670.4
"87" 16 2 12.3 0.1 17.6 587.4
"88" 16 2 12.3 0.1 17.6 587.4
"89" 16.9 2 12.7 0.1 18.5 707.1
"90" 16.9 2 12.7 0.1 18.5 707.1
"91" 17.4 2 13.1 0.1 19.2 748.3
"92" 17.4 2 13.1 0.1 19.2 748.3
"93" 17.1 2 13.5 0.1 18.3 551
"94" 17.1 2 13.5 0.1 18.3 551
"95" 17.1 2 13.8 0.1 18.4 552.8
"96" 17.1 2 13.8 0.1 18.4 552.8
"97" 17 2 14 0.1 18.5 526.7
"98" 17 2 14 0.1 18.5 526.7
"99" 16.4 2 14.1 0.1 17.4 373.9
"100" 16.4 2 14.1 0.1 17.4 373.9
"101" 15.6 2 14.2 0.1 16.1 241.9
"102" 15.6 2 14.2 0.1 16.1 241.9
"103" 14.4 2 14.1 0.1 14.4 106
"104" 14.4 2 14.1 0.1 14.4 106
"105" 12.4 2 14 0.1 11.6 13.9
"106" 12.4 2 14 0.1 11.6 13.9
"107" 10.4 2 13.8 0.1 9.1 0
"108" 10.4 2 13.8 0.1 9.1 0
"109" 9.1 2 13.6 0.1 8.1 0
"110" 9.1 2 13.6 0.1 8.1 0
"111" 8.5 2 13.3 0.1 7.7 0
"112" 8.5 2 13.3 0.1 7.7 0
"113" 7.6 2 13 0.1 7 0
"114" 7.6 2 13 0.1 7 0
"115" 7.6 2 12.8 0.1 7.1 0
"116" 7.6 2 12.8 0.1 7.1 0
"117" 7.9 2 12.6 0.1 7.6 0
"118" 7.9 2 12.6 0.1 7.6 0
"119" 8.6 2 12.4 0.1 8.3 0
"120" 8.6 2 12.4 0.1 8.3 0
"121" 9.4 2 12.3 0.1 9.1 3.7
"122" 9.4 2 12.3 0.1 9.1 3.7
"123" 9.9 2 12.1 0.1 9.6 18.3
"124" 9.9 2 12.1 0.1 9.6 18.3
"125" 10 2 12 0.1 9.8 38
"126" 10 2 12 0.1 9.8 38
"127" 9.9 2 12 0.1 9.9 51.7
"128" 9.7 2 11.9 0.1 9.8 80.7
"129" 10 2 11.8 0.1 10.1 166.7
"130" 10.5 2 11.9 0.1 10.7 351.7
"131" 10.9 2 12 0.1 11.3 353.8
"132" 11.4 2 12.1 0.1 12.3 352.9
"133" 11.4 2 12.1 0.1 12.3 352.9
"134" 11.2 2 12.3 0.1 11.8 276.2
"135" 11.2 2 12.3 0.1 11.8 276.2
"136" 11.7 2 12.4 0.1 12.5 260.7
"137" 11.7 2 12.4 0.1 12.5 260.7
"138" 11.4 2 12.6 0.1 11.8 143.5
"139" 11.4 2 12.6 0.1 11.8 143.5
"140" 11.1 2 12.6 0.1 11.5 144.2
"141" 11.1 2 12.6 0.1 11.5 144.2
"142" 11.2 2 12.6 0.1 11.7 173.3
"143" 11.2 2 12.6 0.1 11.7 173.3
"144" 11.4 2 12.6 0.1 12.1 206.7
"145" 11.4 2 12.6 0.1 12.1 206.7
"146" 10.7 2 12.6 0.1 10.8 79.5
"147" 10.7 2 12.6 0.1 10.8 79.5
"148" 10.2 2 12.6 0.1 10 5.9
"149" 10.2 2 12.6 0.1 10 5.9
"150" 9.8 2 12.5 0.1 9.6 0
"151" 9.8 2 12.5 0.1 9.6 0
"152" 9.7 2 12.4 0.1 9.4 0
"153" 9.7 2 12.4 0.1 9.4 0
"154" 9.4 2 12.3 0.1 9 0
"155" 9.4 2 12.3 0.1 9 0
"156" 9.9 2 12.1 0.1 9.6 0
"157" 9.9 2 12.1 0.1 9.6 0
"158" 9.9 2 12 0.1 9.8 0
"159" 9.9 2 12 0.1 9.8 0
"160" 9.9 2 11.9 0.1 9.8 0
"161" 9.9 2 11.9 0.1 9.8 0
"162" 9.7 2 11.9 0.1 9.6 0
"163" 9.7 2 11.9 0.1 9.6 0
"164" 9.5 2 11.8 0.1 9.5 5
"165" 9.5 2 11.8 0.1 9.5 5
"166" 9.5 2 11.7 0.1 9.5 31.3
"167" 9.5 2 11.7 0.1 9.5 31.3
"168" 10 2 11.7 0.1 10.2 85.7
"169" 10 2 11.7 0.1 10.2 85.7
"170" 10.9 2 11.6 0.1 11.5 234.2
"171" 10.9 2 11.6 0.1 11.5 234.2
"172" 12.3 2 11.6 0.1 13.9 494.8
"173" 12.3 2 11.6 0.1 13.9 494.8
"174" 13.1 2 11.8 0.1 15 622.6
"175" 13.1 2 11.8 0.1 15 622.6
"176" 13.8 2 12 0.1 15.9 735.1
"177" 13.8 2 12 0.1 15.9 735.1
"178" 14 2 12.4 0.1 16.4 786
"179" 14 2 12.4 0.1 16.4 786
"180" 13.3 2 12.9 0.1 15.1 488.1
"181" 13.3 2 12.9 0.1 15.1 488.1
"182" 12.8 2 13.3 0.1 14.5 510
"183" 12.8 2 13.3 0.1 14.5 510
"184" 11.8 2 13.6 0.1 12.9 274.9
"185" 11.8 2 13.6 0.1 12.9 274.9
"186" 11.3 2 13.7 0.1 12.1 209.6
"187" 11.3 2 13.7 0.1 12.1 209.6
"188" 11.3 2 13.7 0.1 12 157.6
"189" 11.3 2 13.7 0.1 12 157.6
"190" 10.5 2 13.7 0.1 10.8 87.3
"191" 10.5 2 13.7 0.1 10.8 87.3
"192" 10.4 2 13.6 0.1 10.5 37.4
"193" 10.4 2 13.6 0.1 10.5 37.4
"194" 10.2 2 13.5 0.1 10.1 39.1
"195" 10.2 2 13.5 0.1 10.1 39.1
"196" 9.8 2 13.3 0.1 9.6 7.1
"197" 9.8 2 13.3 0.1 9.6 7.1
"198" 9.5 2 13.1 0.1 9.3 0
"199" 9.5 2 13.1 0.1 9.3 0
"200" 9 2 13 0.1 8.8 0
"201" 9 2 13 0.1 8.8 0
"202" 9.2 2 12.8 0.1 9 0
"203" 9.2 2 12.8 0.1 9 0
"204" 9.3 2 12.6 0.1 9.2 0
"205" 9.3 2 12.6 0.1 9.2 0
"206" 8.7 2 12.4 0.1 8.7 0
"207" 8.7 2 12.4 0.1 8.7 0
"208" 8.6 2 12.3 0.1 8.5 0
"209" 8.6 2 12.3 0.1 8.5 0
"210" 8.6 2 12.2 0.1 8.3 0
"211" 8.6 2 12.2 0.1 8.3 0
"212" 8.7 2 12.1 0.1 8.6 3
"213" 8.7 2 12.1 0.1 8.6 3
"214" 9.2 2 12 0.1 9.1 18.3
"215" 9.2 2 12 0.1 9.1 18.3
"216" 9 2 11.9 0.1 9.1 60
"217" 9 2 11.9 0.1 9.1 60
"218" 9.2 2 11.8 0.1 9.5 196
"219" 9.7 2 11.8 0.1 9.7 262.5
"220" 9.7 2 11.8 0.1 9.7 262.5
"221" 10.5 2 11.9 0.1 10.6 369.8
"222" 10.5 2 11.9 0.1 10.6 369.8
"223" 11.2 2 12.1 0.1 12.6 588.6
"224" 11.2 2 12.1 0.1 12.6 588.6
"225" 11.8 2 12.3 0.1 13.7 625.5
"226" 11.8 2 12.3 0.1 13.7 625.5
"227" 12.1 2 12.6 0.1 14 572.4
"228" 12.1 2 12.6 0.1 14 572.4
"229" 11.9 2 12.9 0.1 13.3 378.9
"230" 11.9 2 12.9 0.1 13.3 378.9
"231" 12.2 2 13.2 0.1 14.3 529.1
"232" 12.2 2 13.2 0.1 14.3 529.1
"233" 11.8 2 13.4 0.1 12.9 250.8
"234" 11.8 2 13.4 0.1 12.9 250.8
"235" 11.5 2 13.6 0.1 12.4 193.8
"236" 11.5 2 13.6 0.1 12.4 193.8
"237" 11.3 2 13.6 0.1 12.1 159.6
"238" 11.3 2 13.6 0.1 12.1 159.6
"239" 11.1 2 13.6 0.1 11.7 95
"240" 11.1 2 13.6 0.1 11.7 95
"241" 10.4 2 13.6 0.1 10.6 35.3
"242" 10.4 2 13.6 0.1 10.6 35.3
"243" 9.6 2 13.5 0.1 9.6 1.4
"244" 9.6 2 13.5 0.1 9.6 1.4
"245" 9 2 13.4 0.1 9 0
"246" 9 2 13.4 0.1 9 0
"247" 8.9 2 13.2 0.1 8.9 0
"248" 8.9 2 13.2 0.1 8.9 0
"249" 8.4 2 13.1 0.1 8.3 0
"250" 8.4 2 13.1 0.1 8.3 0
"251" 8.1 2 12.9 0.1 8.1 0
"252" 8.1 2 12.9 0.1 8.1 0
"253" 8.1 2 12.8 0.1 8.1 0
"254" 8.1 2 12.8 0.1 8.1 0
"255" 8.1 2 12.7 0.1 8.1 0
"256" 8.1 2 12.7 0.1 8.1 0
"257" 8 2 12.6 0.1 8.1 0
"258" 8 2 12.6 0.1 8.1 0
"259" 7.7 2 12.5 0.1 7.8 2.1
"260" 7.7 2 12.5 0.1 7.8 2.1
"261" 7.6 2 12.4 0.1 7.7 26.5
"262" 7.6 2 12.4 0.1 7.7 26.5
"263" 8.1 2 12.3 0.1 8.4 58.1
"264" 8.1 2 12.3 0.1 8.4 58.1
"265" 8.5 2 12.2 0.1 8.9 71.2
"266" 8.5 2 12.2 0.1 8.9 71.2
"267" 9 2 12.2 0.1 9.5 101.3
"268" 9 2 12.2 0.1 9.5 101.3
"269" 10.2 2 12.2 0.1 10.7 226.7
"270" 10.2 2 12.2 0.1 10.7 226.7
"271" 11.8 2 12.2 0.1 11.6 384.2
"272" 11.8 2 12.2 0.1 11.6 384.2
"273" 12.6 2 12.3 0.1 13 387
"274" 13 2 12.6 0.1 13.8 399.6
"275" 14.6 2 14.1 0.1 14.9 71.3
"276" 14.6 2 14.1 0.1 14.9 71.3
"277" 14.7 2 14.1 0.1 14.8 21
"278" 15 2 14.1 0.1 15.3 112.3
"279" 15.4 2 14.1 0.1 16 196
"280" 15.6 2 14.2 0.1 16.1 158.7
"281" 15.4 2 14.3 0.1 15.7 83.5
"282" 15.2 2 14.4 0.1 15.5 55.1
"283" 14.6 2 14.4 0.1 14.8 16.3
"284" 14.6 2 14.4 0.1 14.8 16.3
"285" 14.2 2 14.4 0.1 14.3 1.2
"286" 14.2 2 14.4 0.1 14.3 1.2
"287" 13.7 2 14.4 0.1 13.8 0
"288" 13.7 2 14.4 0.1 13.8 0
"289" 13.3 2 14.3 0.1 13.3 0
"290" 13.3 2 14.3 0.1 13.3 0
"291" 12.9 2 14.2 0.1 12.9 0
"292" 12.9 2 14.2 0.1 12.9 0
"293" 12.1 2 14.2 0.1 12.1 0
"294" 12.1 2 14.2 0.1 12.1 0
"295" 11.2 2 14.1 0.1 11.3 0
"296" 11.2 2 14.1 0.1 11.3 0
"297" 10.8 2 13.9 0.1 10.9 0
"298" 10.8 2 13.9 0.1 10.9 0
"299" 10.6 2 13.8 0.1 10.6 0
"300" 10.6 2 13.8 0.1 10.6 0
"301" 10.3 2 13.7 0.1 10.3 2.3
"302" 10.3 2 13.7 0.1 10.3 2.3
"303" 10.1 2 13.6 0.1 10.1 5.7
"304" 10.1 2 13.6 0.1 10.1 5.7
"305" 9.9 2 13.5 0.1 10 19.7
"306" 9.9 2 13.5 0.1 10 19.7
"307" 9.8 2 13.3 0.1 9.9 40.5
"308" 9.8 2 13.3 0.1 9.9 40.5
"309" 9.8 2 13.2 0.1 9.8 50
"310" 9.8 2 13.2 0.1 9.8 50
"311" 9.9 2 13.2 0.1 10 67.3
"312" 9.9 2 13.2 0.1 10 67.3
"313" 10.3 2 13.1 0.1 10.3 78.5
"314" 10.3 2 13.1 0.1 10.3 78.5
"315" 10.3 2 13 0.1 10.4 74.4
"316" 10.3 2 13 0.1 10.4 74.4
"317" 10.3 2 13 0.1 10.4 83.5
"318" 10.3 2 13 0.1 10.4 83.5
"319" 10.2 2 12.9 0.1 10.3 94.5
"320" 10.2 2 12.9 0.1 10.3 94.5
"321" 11 2 12.9 0.1 11.3 160.5
"322" 11 2 12.9 0.1 11.3 160.5
"323" 11.5 2 12.8 0.1 12.1 310.6
"324" 11.5 2 12.8 0.1 12.1 310.6
"325" 11.6 2 12.9 0.1 12.1 215.1
"326" 11.6 2 12.9 0.1 12.1 215.1
"327" 11.8 2 12.9 0.1 12.4 284.8
"328" 11.8 2 12.9 0.1 12.4 284.8
"329" 11.4 2 13 0.1 11.9 208.9
"330" 11.4 2 13 0.1 11.9 208.9
"331" 10.7 2 12.9 0.1 10.8 95.3
"332" 10.7 2 12.9 0.1 10.8 95.3
"333" 9.6 2 12.9 0.1 9.2 13.5
"334" 9.6 2 12.9 0.1 9.2 13.5
"335" 8.4 2 12.7 0.1 7.3 0
"336" 8.4 2 12.7 0.1 7.3 0
"337" 7.8 2 12.6 0.1 6.6 0
"338" 8.3 2 12.4 0.1 7.7 0
"339" 8.3 2 12.4 0.1 7.7 0
"340" 8.5 2 12.2 0.1 8.2 0
"341" 8.5 2 12.2 0.1 8.2 0
"342" 8.7 2 12 0.1 8.6 0
"343" 8.7 2 12 0.1 8.6 0
"344" 8.7 2 11.9 0.1 8.4 0
"345" 8.7 2 11.9 0.1 8.4 0
"346" 7.9 2 11.8 0.1 7.2 0
"347" 7.9 2 11.8 0.1 7.2 0
"348" 7.3 2 11.7 0.1 6.6 9.9
"349" 7.3 2 11.7 0.1 6.6 9.9
"350" 7.5 2 11.6 0.1 7.6 125.1
"351" 7.5 2 11.6 0.1 7.6 125.1
"352" 8.7 2 11.5 0.1 9.4 270.9
"353" 8.7 2 11.5 0.1 9.4 270.9
"354" 10.7 2 11.4 0.1 12.2 421.5
"355" 10.7 2 11.4 0.1 12.2 421.5
"356" 12.2 2 11.5 0.1 14 539.2
"357" 12.2 2 11.5 0.1 14 539.2
"358" 13.6 2 11.6 0.1 15.8 623.3
"359" 13.6 2 11.6 0.1 15.8 623.3
"360" 15 2 11.9 0.1 17.2 670.4
"361" 15 2 11.9 0.1 17.2 670.4
"362" 16 2 12.3 0.1 17.6 587.4
"363" 16 2 12.3 0.1 17.6 587.4
"364" 16.9 2 12.7 0.1 18.5 707.1
"365" 16.9 2 12.7 0.1 18.5 707.1
"366" 17.4 2 13.1 0.1 19.2 748.3
"367" 17.4 2 13.1 0.1 19.2 748.3
"368" 17.1 2 13.5 0.1 18.3 551
"369" 17.1 2 13.5 0.1 18.3 551
"370" 17.1 2 13.8 0.1 18.4 552.8
"371" 17.1 2 13.8 0.1 18.4 552.8
"372" 17 2 14 0.1 18.5 526.7
"373" 17 2 14 0.1 18.5 526.7
"374" 16.4 2 14.1 0.1 17.4 373.9
"375" 16.4 2 14.1 0.1 17.4 373.9
"376" 15.6 2 14.2 0.1 16.1 241.9
"377" 15.6 2 14.2 0.1 16.1 241.9
"378" 14.4 2 14.1 0.1 14.4 106
"379" 14.4 2 14.1 0.1 14.4 106
"380" 12.4 2 14 0.1 11.6 13.9
"381" 12.4 2 14 0.1 11.6 13.9
"382" 10.4 2 13.8 0.1 9.1 0
"383" 10.4 2 13.8 0.1 9.1 0
"384" 9.1 2 13.6 0.1 8.1 0
"385" 9.1 2 13.6 0.1 8.1 0
"386" 8.5 2 13.3 0.1 7.7 0
"387" 8.5 2 13.3 0.1 7.7 0
"388" 7.6 2 13 0.1 7 0
"389" 7.6 2 13 0.1 7 0
"390" 7.6 2 12.8 0.1 7.1 0
"391" 7.6 2 12.8 0.1 7.1 0
"392" 7.9 2 12.6 0.1 7.6 0
"393" 7.9 2 12.6 0.1 7.6 0
"394" 8.6 2 12.4 0.1 8.3 0
"395" 8.6 2 12.4 0.1 8.3 0
"396" 9.4 2 12.3 0.1 9.1 3.7
"397" 9.4 2 12.3 0.1 9.1 3.7
"398" 9.9 2 12.1 0.1 9.6 18.3
"399" 9.9 2 12.1 0.1 9.6 18.3
"400" 10 2 12 0.1 9.8 38
"401" 10 2 12 0.1 9.8 38
"402" 9.9 2 12 0.1 9.9 51.7
"403" 9.7 2 11.9 0.1 9.8 80.7
"404" 10 2 11.8 0.1 10.1 166.7
"405" 10.5 2 11.9 0.1 10.7 351.7
"406" 10.9 2 12 0.1 11.3 353.8
"407" 11.4 2 12.1 0.1 12.3 352.9
"408" 11.4 2 12.1 0.1 12.3 352.9
"409" 11.2 2 12.3 0.1 11.8 276.2
"410" 11.2 2 12.3 0.1 11.8 276.2
"411" 11.7 2 12.4 0.1 12.5 260.7
"412" 11.7 2 12.4 0.1 12.5 260.7
"413" 11.4 2 12.6 0.1 11.8 143.5
"414" 11.4 2 12.6 0.1 11.8 143.5
"415" 11.1 2 12.6 0.1 11.5 144.2
"416" 11.1 2 12.6 0.1 11.5 144.2
"417" 11.2 2 12.6 0.1 11.7 173.3
"418" 11.2 2 12.6 0.1 11.7 173.3
"419" 11.4 2 12.6 0.1 12.1 206.7
"420" 11.4 2 12.6 0.1 12.1 206.7
"421" 10.7 2 12.6 0.1 10.8 79.5
"422" 10.7 2 12.6 0.1 10.8 79.5
"423" 10.2 2 12.6 0.1 10 5.9
"424" 10.2 2 12.6 0.1 10 5.9
"425" 9.8 2 12.5 0.1 9.6 0
"426" 9.8 2 12.5 0.1 9.6 0
"427" 9.7 2 12.4 0.1 9.4 0
"428" 9.7 2 12.4 0.1 9.4 0
"429" 9.4 2 12.3 0.1 9 0
"430" 9.4 2 12.3 0.1 9 0
"431" 9.9 2 12.1 0.1 9.6 0
"432" 9.9 2 12.1 0.1 9.6 0
"433" 9.9 2 12 0.1 9.8 0
"434" 9.9 2 12 0.1 9.8 0
"435" 9.9 2 11.9 0.1 9.8 0
"436" 9.9 2 11.9 0.1 9.8 0
"437" 9.7 2 11.9 0.1 9.6 0
"438" 9.7 2 11.9 0.1 9.6 0
"439" 9.5 2 11.8 0.1 9.5 5
"440" 9.5 2 11.8 0.1 9.5 5
"441" 9.5 2 11.7 0.1 9.5 31.3
"442" 9.5 2 11.7 0.1 9.5 31.3
"443" 10 2 11.7 0.1 10.2 85.7
"444" 10 2 11.7 0.1 10.2 85.7
"445" 10.9 2 11.6 0.1 11.5 234.2
"446" 10.9 2 11.6 0.1 11.5 234.2
"447" 12.3 2 11.6 0.1 13.9 494.8
"448" 12.3 2 11.6 0.1 13.9 494.8
"449" 13.1 2 11.8 0.1 15 622.6
"450" 13.1 2 11.8 0.1 15 622.6
"451" 13.8 2 12 0.1 15.9 735.1
"452" 13.8 2 12 0.1 15.9 735.1
"453" 14 2 12.4 0.1 16.4 786
"454" 14 2 12.4 0.1 16.4 786
"455" 13.3 2 12.9 0.1 15.1 488.1
"456" 13.3 2 12.9 0.1 15.1 488.1
"457" 12.8 2 13.3 0.1 14.5 510
"458" 12.8 2 13.3 0.1 14.5 510
"459" 11.8 2 13.6 0.1 12.9 274.9
"460" 11.8 2 13.6 0.1 12.9 274.9
"461" 11.3 2 13.7 0.1 12.1 209.6
"462" 11.3 2 13.7 0.1 12.1 209.6
"463" 11.3 2 13.7 0.1 12 157.6
"464" 11.3 2 13.7 0.1 12 157.6
"465" 10.5 2 13.7 0.1 10.8 87.3
"466" 10.5 2 13.7 0.1 10.8 87.3
"467" 10.4 2 13.6 0.1 10.5 37.4
"468" 10.4 2 13.6 0.1 10.5 37.4
"469" 10.2 2 13.5 0.1 10.1 39.1
"470" 10.2 2 13.5 0.1 10.1 39.1
"471" 9.8 2 13.3 0.1 9.6 7.1
"472" 9.8 2 13.3 0.1 9.6 7.1
"473" 9.5 2 13.1 0.1 9.3 0
"474" 9.5 2 13.1 0.1 9.3 0
"475" 9 2 13 0.1 8.8 0
"476" 9 2 13 0.1 8.8 0
"477" 9.2 2 12.8 0.1 9 0
"478" 9.2 2 12.8 0.1 9 0
"479" 9.3 2 12.6 0.1 9.2 0
"480" 9.3 2 12.6 0.1 9.2 0
"481" 8.7 2 12.4 0.1 8.7 0
"482" 8.7 2 12.4 0.1 8.7 0
"483" 8.6 2 12.3 0.1 8.5 0
"484" 8.6 2 12.3 0.1 8.5 0
"485" 8.6 2 12.2 0.1 8.3 0
"486" 8.6 2 12.2 0.1 8.3 0
"487" 8.7 2 12.1 0.1 8.6 3
"488" 8.7 2 12.1 0.1 8.6 3
"489" 9.2 2 12 0.1 9.1 18.3
"490" 9.2 2 12 0.1 9.1 18.3
"491" 9 2 11.9 0.1 9.1 60
"492" 9 2 11.9 0.1 9.1 60
"493" 9.2 2 11.8 0.1 9.5 196
"494" 9.7 2 11.8 0.1 9.7 262.5
"495" 9.7 2 11.8 0.1 9.7 262.5
"496" 10.5 2 11.9 0.1 10.6 369.8
"497" 10.5 2 11.9 0.1 10.6 369.8
"498" 11.2 2 12.1 0.1 12.6 588.6
"499" 11.2 2 12.1 0.1 12.6 588.6
"500" 11.8 2 12.3 0.1 13.7 625.5
"501" 11.8 2 12.3 0.1 13.7 625.5
"502" 12.1 2 12.6 0.1 14 572.4
"503" 12.1 2 12.6 0.1 14 572.4
"504" 11.9 2 12.9 0.1 13.3 378.9
"505" 11.9 2 12.9 0.1 13.3 378.9
"506" 12.2 2 13.2 0.1 14.3 529.1
"507" 12.2 2 13.2 0.1 14.3 529.1
"508" 11.8 2 13.4 0.1 12.9 250.8
"509" 11.8 2 13.4 0.1 12.9 250.8
"510" 11.5 2 13.6 0.1 12.4 193.8
"511" 11.5 2 13.6 0.1 12.4 193.8
"512" 11.3 2 13.6 0.1 12.1 159.6
"513" 11.3 2 13.6 0.1 12.1 159.6
"514" 11.1 2 13.6 0.1 11.7 95
"515" 11.1 2 13.6 0.1 11.7 95
"516" 10.4 2 13.6 0.1 10.6 35.3
"517" 10.4 2 13.6 0.1 10.6 35.3
"518" 9.6 2 13.5 0.1 9.6 1.4
"519" 9.6 2 13.5 0.1 9.6 1.4
"520" 9 2 13.4 0.1 9 0
"521" 9 2 13.4 0.1 9 0
"522" 8.9 2 13.2 0.1 8.9 0
"523" 8.9 2 13.2 0.1 8.9 0
"524" 8.4 2 13.1 0.1 8.3 0
"525" 8.4 2 13.1 0.1 8.3 0
"526" 8.1 2 12.9 0.1 8.1 0
"527" 8.1 2 12.9 0.1 8.1 0
"528" 8.1 2 12.8 0.1 8.1 0
"529" 8.1 2 12.8 0.1 8.1 0
"530" 8.1 2 12.7 0.1 8.1 0
"531" 8.1 2 12.7 0.1 8.1 0
"532" 8 2 12.6 0.1 8.1 0
"533" 8 2 12.6 0.1 8.1 0
"534" 7.7 2 12.5 0.1 7.8 2.1
"535" 7.7 2 12.5 0.1 7.8 2.1
"536" 7.6 2 12.4 0.1 7.7 26.5
"537" 7.6 2 12.4 0.1 7.7 26.5
"538" 8.1 2 12.3 0.1 8.4 58.1
"539" 8.1 2 12.3 0.1 8.4 58.1
"540" 8.5 2 12.2 0.1 8.9 71.2
"541" 8.5 2 12.2 0.1 8.9 71.2
"542" 9 2 12.2 0.1 9.5 101.3
"543" 9 2 12.2 0.1 9.5 101.3
"544" 10.2 2 12.2 0.1 10.7 226.7
"545" 10.2 2 12.2 0.1 10.7 226.7
"546" 11.8 2 12.2 0.1 11.6 384.2
"547" 11.8 2 12.2 0.1 11.6 384.2
"548" 12.6 2 12.3 0.1 13 387
"549" 13 2 12.6 0.1 13.8 399.6
"550" 14.6 2 14.1 0.1 14.9 71.3
"551" 14.6 2 14.1 0.1 14.9 71.3
"552" 14.7 2 14.1 0.1 14.8 21
"553" 15 2 14.1 0.1 15.3 112.3
"554" 15.4 2 14.1 0.1 16 196
"555" 15.6 2 14.2 0.1 16.1 158.7
"556" 15.4 2 14.3 0.1 15.7 83.5
"557" 15.2 2 14.4 0.1 15.5 55.1
"558" 14.6 2 14.4 0.1 14.8 16.3
"559" 14.6 2 14.4 0.1 14.8 16.3
"560" 14.2 2 14.4 0.1 14.3 1.2
"561" 14.2 2 14.4 0.1 14.3 1.2
"562" 13.7 2 14.4 0.1 13.8 0
"563" 13.7 2 14.4 0.1 13.8 0
"564" 13.3 2 14.3 0.1 13.3 0
"565" 13.3 2 14.3 0.1 13.3 0
"566" 12.9 2 14.2 0.1 12.9 0
"567" 12.9 2 14.2 0.1 12.9 0
"568" 12.1 2 14.2 0.1 12.1 0
"569" 12.1 2 14.2 0.1 12.1 0
"570" 11.2 2 14.1 0.1 11.3 0
"571" 11.2 2 14.1 0.1 11.3 0
"572" 10.8 2 13.9 0.1 10.9 0
"573" 10.8 2 13.9 0.1 10.9 0
"574" 10.6 2 13.8 0.1 10.6 0
"575" 10.6 2 13.8 0.1 10.6 0
"576" 10.3 2 13.7 0.1 10.3 2.3
"577" 10.3 2 13.7 0.1 10.3 2.3
"578" 10.1 2 13.6 0.1 10.1 5.7
"579" 10.1 2 13.6 0.1 10.1 5.7
"580" 9.9 2 13.5 0.1 10 19.7
"581" 9.9 2 13.5 0.1 10 19.7
"582" 9.8 2 13.3 0.1 9.9 40.5
"583" 9.8 2 13.3 0.1 9.9 40.5
"584" 9.8 2 13.2 0.1 9.8 50
"585" 9.8 2 13.2 0.1 9.8 50
"586" 9.9 2 13.2 0.1 10 67.3
"587" 9.9 2 13.2 0.1 10 67.3
"588" 10.3 2 13.1 0.1 10.3 78.5
"589" 10.3 2 13.1 0.1 10.3 78.5
"590" 10.3 2 13 0.1 10.4 74.4
"591" 10.3 2 13 0.1 10.4 74.4
"592" 10.3 2 13 0.1 10.4 83.5
"593" 10.3 2 13 0.1 10.4 83.5
"594" 10.2 2 12.9 0.1 10.3 94.5
"595" 10.2 2 12.9 0.1 10.3 94.5
"596" 11 2 12.9 0.1 11.3 160.5
"597" 11 2 12.9 0.1 11.3 160.5
"598" 11.5 2 12.8 0.1 12.1 310.6
"599" 11.5 2 12.8 0.1 12.1 310.6
"600" 11.6 2 12.9 0.1 12.1 215.1
"601" 11.6 2 12.9 0.1 12.1 215.1
"602" 11.8 2 12.9 0.1 12.4 284.8
"603" 11.8 2 12.9 0.1 12.4 284.8
"604" 11.4 2 13 0.1 11.9 208.9
"605" 11.4 2 13 0.1 11.9 208.9
"606" 10.7 2 12.9 0.1 10.8 95.3
"607" 10.7 2 12.9 0.1 10.8 95.3
"608" 9.6 2 12.9 0.1 9.2 13.5
"609" 9.6 2 12.9 0.1 9.2 13.5
"610" 8.4 2 12.7 0.1 7.3 0
"611" 8.4 2 12.7 0.1 7.3 0
"612" 7.8 2 12.6 0.1 6.6 0
"613" 8.3 2 12.4 0.1 7.7 0
"614" 8.3 2 12.4 0.1 7.7 0
"615" 8.5 2 12.2 0.1 8.2 0
"616" 8.5 2 12.2 0.1 8.2 0
"617" 8.7 2 12 0.1 8.6 0
"618" 8.7 2 12 0.1 8.6 0
"619" 8.7 2 11.9 0.1 8.4 0
"620" 8.7 2 11.9 0.1 8.4 0
"621" 7.9 2 11.8 0.1 7.2 0
"622" 7.9 2 11.8 0.1 7.2 0
"623" 7.3 2 11.7 0.1 6.6 9.9
"624" 7.3 2 11.7 0.1 6.6 9.9
"625" 7.5 2 11.6 0.1 7.6 125.1
"626" 7.5 2 11.6 0.1 7.6 125.1
"627" 8.7 2 11.5 0.1 9.4 270.9
"628" 8.7 2 11.5 0.1 9.4 270.9
"629" 10.7 2 11.4 0.1 12.2 421.5
"630" 10.7 2 11.4 0.1 12.2 421.5
"631" 12.2 2 11.5 0.1 14 539.2
"632" 12.2 2 11.5 0.1 14 539.2
"633" 13.6 2 11.6 0.1 15.8 623.3
"634" 13.6 2 11.6 0.1 15.8 623.3
"635" 15 2 11.9 0.1 17.2 670.4
"636" 15 2 11.9 0.1 17.2 670.4
"637" 16 2 12.3 0.1 17.6 587.4
"638" 16 2 12.3 0.1 17.6 587.4
"639" 16.9 2 12.7 0.1 18.5 707.1
"640" 16.9 2 12.7 0.1 18.5 707.1
"641" 17.4 2 13.1 0.1 19.2 748.3
"642" 17.4 2 13.1 0.1 19.2 748.3
"643" 17.1 2 13.5 0.1 18.3 551
"644" 17.1 2 13.5 0.1 18.3 551
"645" 17.1 2 13.8 0.1 18.4 552.8
"646" 17.1 2 13.8 0.1 18.4 552.8
"647" 17 2 14 0.1 18.5 526.7
"648" 17 2 14 0.1 18.5 526.7
"649" 16.4 2 14.1 0.1 17.4 373.9
"650" 16.4 2 14.1 0.1 17.4 373.9
"651" 15.6 2 14.2 0.1 16.1 241.9
"652" 15.6 2 14.2 0.1 16.1 241.9
"653" 14.4 2 14.1 0.1 14.4 106
"654" 14.4 2 14.1 0.1 14.4 106
"655" 12.4 2 14 0.1 11.6 13.9
"656" 12.4 2 14 0.1 11.6 13.9
"657" 10.4 2 13.8 0.1 9.1 0
"658" 10.4 2 13.8 0.1 9.1 0
"659" 9.1 2 13.6 0.1 8.1 0
"660" 9.1 2 13.6 0.1 8.1 0
"661" 8.5 2 13.3 0.1 7.7 0
"662" 8.5 2 13.3 0.1 7.7 0
"663" 7.6 2 13 0.1 7 0
"664" 7.6 2 13 0.1 7 0
"665" 7.6 2 12.8 0.1 7.1 0
"666" 7.6 2 12.8 0.1 7.1 0
"667" 7.9 2 12.6 0.1 7.6 0
"668" 7.9 2 12.6 0.1 7.6 0
"669" 8.6 2 12.4 0.1 8.3 0
"670" 8.6 2 12.4 0.1 8.3 0
"671" 9.4 2 12.3 0.1 9.1 3.7
"672" 9.4 2 12.3 0.1 9.1 3.7
"673" 9.9 2 12.1 0.1 9.6 18.3
"674" 9.9 2 12.1 0.1 9.6 18.3
"675" 10 2 12 0.1 9.8 38
"676" 10 2 12 0.1 9.8 38
"677" 9.9 2 12 0.1 9.9 51.7
"678" 9.7 2 11.9 0.1 9.8 80.7
"679" 10 2 11.8 0.1 10.1 166.7
"680" 10.5 2 11.9 0.1 10.7 351.7
"681" 10.9 2 12 0.1 11.3 353.8
"682" 11.4 2 12.1 0.1 12.3 352.9
"683" 11.4 2 12.1 0.1 12.3 352.9
"684" 11.2 2 12.3 0.1 11.8 276.2
"685" 11.2 2 12.3 0.1 11.8 276.2
"686" 11.7 2 12.4 0.1 12.5 260.7
"687" 11.7 2 12.4 0.1 12.5 260.7
"688" 11.4 2 12.6 0.1 11.8 143.5
"689" 11.4 2 12.6 0.1 11.8 143.5
"690" 11.1 2 12.6 0.1 11.5 144.2
"691" 11.1 2 12.6 0.1 11.5 144.2
"692" 11.2 2 12.6 0.1 11.7 173.3
"693" 11.2 2 12.6 0.1 11.7 173.3
"694" 11.4 2 12.6 0.1 12.1 206.7
"695" 11.4 2 12.6 0.1 12.1 206.7
"696" 10.7 2 12.6 0.1 10.8 79.5
"697" 10.7 2 12.6 0.1 10.8 79.5
"698" 10.2 2 12.6 0.1 10 5.9
"699" 10.2 2 12.6 0.1 10 5.9
"700" 9.8 2 12.5 0.1 9.6 0
"701" 9.8 2 12.5 0.1 9.6 0
"702" 9.7 2 12.4 0.1 9.4 0
"703" 9.7 2 12.4 0.1 9.4 0
"704" 9.4 2 12.3 0.1 9 0
"705" 9.4 2 12.3 0.1 9 0
"706" 9.9 2 12.1 0.1 9.6 0
"707" 9.9 2 12.1 0.1 9.6 0
"708" 9.9 2 12 0.1 9.8 0
"709" 9.9 2 12 0.1 9.8 0
"710" 9.9 2 11.9 0.1 9.8 0
"711" 9.9 2 11.9 0.1 9.8 0
"712" 9.7 2 11.9 0.1 9.6 0
"713" 9.7 2 11.9 0.1 9.6 0
"714" 9.5 2 11.8 0.1 9.5 5
"715" 9.5 2 11.8 0.1 9.5 5
"716" 9.5 2 11.7 0.1 9.5 31.3
"717" 9.5 2 11.7 0.1 9.5 31.3
"718" 10 2 11.7 0.1 10.2 85.7
"719" 10 2 11.7 0.1 10.2 85.7
"720" 10.9 2 11.6 0.1 11.5 234.2
"721" 10.9 2 11.6 0.1 11.5 234.2
"722" 12.3 2 11.6 0.1 13.9 494.8
"723" 12.3 2 11.6 0.1 13.9 494.8
"724" 13.1 2 11.8 0.1 15 622.6
"725" 13.1 2 11.8 0.1 15 622.6
"726" 13.8 2 12 0.1 15.9 735.1
"727" 13.8 2 12 0.1 15.9 735.1
"728" 14 2 12.4 0.1 16.4 786
"729" 14 2 12.4 0.1 16.4 786
"730" 13.3 2 12.9 0.1 15.1 488.1
"731" 13.3 2 12.9 0.1 15.1 488.1
"732" 12.8 2 13.3 0.1 14.5 510
"733" 12.8 2 13.3 0.1 14.5 510
"734" 11.8 2 13.6 0.1 12.9 274.9
"735" 11.8 2 13.6 0.1 12.9 274.9
"736" 11.3 2 13.7 0.1 12.1 209.6
"737" 11.3 2 13.7 0.1 12.1 209.6
"738" 11.3 2 13.7 0.1 12 157.6
"739" 11.3 2 13.7 0.1 12 157.6
"740" 10.5 2 13.7 0.1 10.8 87.3
"741" 10.5 2 13.7 0.1 10.8 87.3
"742" 10.4 2 13.6 0.1 10.5 37.4
"743" 10.4 2 13.6 0.1 10.5 37.4
"744" 10.2 2 13.5 0.1 10.1 39.1
"745" 10.2 2 13.5 0.1 10.1 39.1
"746" 9.8 2 13.3 0.1 9.6 7.1
"747" 9.8 2 13.3 0.1 9.6 7.1
"748" 9.5 2 13.1 0.1 9.3 0
"749" 9.5 2 13.1 0.1 9.3 0
"750" 9 2 13 0.1 8.8 0
"751" 9 2 13 0.1 8.8 0
"752" 9.2 2 12.8 0.1 9 0
"753" 9.2 2 12.8 0.1 9 0
"754" 9.3 2 12.6 0.1 9.2 0
"755" 9.3 2 12.6 0.1 9.2 0
"756" 8.7 2 12.4 0.1 8.7 0
"757" 8.7 2 12.4 0.1 8.7 0
"758" 8.6 2 12.3 0.1 8.5 0
"759" 8.6 2 12.3 0.1 8.5 0
"760" 8.6 2 12.2 0.1 8.3 0
"761" 8.6 2 12.2 0.1 8.3 0
"762" 8.7 2 12.1 0.1 8.6 3
"763" 8.7 2 12.1 0.1 8.6 3
"764" 9.2 2 12 0.1 9.1 18.3
"765" 9.2 2 12 0.1 9.1 18.3
"766" 9 2 11.9 0.1 9.1 60
"767" 9 2 11.9 0.1 9.1 60
"768" 9.2 2 11.8 0.1 9.5 196
"769" 9.7 2 11.8 0.1 9.7 262.5
"770" 9.7 2 11.8 0.1 9.7 262.5
"771" 10.5 2 11.9 0.1 10.6 369.8
"772" 10.5 2 11.9 0.1 10.6 369.8
"773" 11.2 2 12.1 0.1 12.6 588.6
"774" 11.2 2 12.1 0.1 12.6 588.6
"775" 11.8 2 12.3 0.1 13.7 625.5
"776" 11.8 2 12.3 0.1 13.7 625.5
"777" 12.1 2 12.6 0.1 14 572.4
"778" 12.1 2 12.6 0.1 14 572.4
"779" 11.9 2 12.9 0.1 13.3 378.9
"780" 11.9 2 12.9 0.1 13.3 378.9
"781" 12.2 2 13.2 0.1 14.3 529.1
"782" 12.2 2 13.2 0.1 14.3 529.1
"783" 11.8 2 13.4 0.1 12.9 250.8
"784" 11.8 2 13.4 0.1 12.9 250.8
"785" 11.5 2 13.6 0.1 12.4 193.8
"786" 11.5 2 13.6 0.1 12.4 193.8
"787" 11.3 2 13.6 0.1 12.1 159.6
"788" 11.3 2 13.6 0.1 12.1 159.6
"789" 11.1 2 13.6 0.1 11.7 95
"790" 11.1 2 13.6 0.1 11.7 95
"791" 10.4 2 13.6 0.1 10.6 35.3
"792" 10.4 2 13.6 0.1 10.6 35.3
"793" 9.6 2 13.5 0.1 9.6 1.4
"794" 9.6 2 13.5 0.1 9.6 1.4
"795" 9 2 13.4 0.1 9 0
"796" 9 2 13.4 0.1 9 0
"797" 8.9 2 13.2 0.1 8.9 0
"798" 8.9 2 13.2 0.1 8.9 0
"799" 8.4 2 13.1 0.1 8.3 0
"800" 8.4 2 13.1 0.1 8.3 0
"801" 8.1 2 12.9 0.1 8.1 0
"802" 8.1 2 12.9 0.1 8.1 0
"803" 8.1 2 12.8 0.1 8.1 0
"804" 8.1 2 12.8 0.1 8.1 0
"805" 8.1 2 12.7 0.1 8.1 0
"806" 8.1 2 12.7 0.1 8.1 0
"807" 8 2 12.6 0.1 8.1 0
"808" 8 2 12.6 0.1 8.1 0
"809" 7.7 2 12.5 0.1 7.8 2.1
"810" 7.7 2 12.5 0.1 7.8 2.1
"811" 7.6 2 12.4 0.1 7.7 26.5
"812" 7.6 2 12.4 0.1 7.7 26.5
"813" 8.1 2 12.3 0.1 8.4 58.1
"814" 8.1 2 12.3 0.1 8.4 58.1
"815" 8.5 2 12.2 0.1 8.9 71.2
"816" 8.5 2 12.2 0.1 8.9 71.2
"817" 9 2 12.2 0.1 9.5 101.3
"818" 9 2 12.2 0.1 9.5 101.3
"819" 10.2 2 12.2 0.1 10.7 226.7
"820" 10.2 2 12.2 0.1 10.7 226.7
"821" 11.8 2 12.2 0.1 11.6 384.2
"822" 11.8 2 12.2 0.1 11.6 384.2
"823" 12.6 2 12.3 0.1 13 387
"824" 13 2 12.6 0.1 13.8 399.6
